0 verbose cli C:\Program Files\nodejs\node.exe C:\Program Files\nodejs\node_modules\npm\bin\npm-cli.js
1 info using npm@11.9.0
2 info using node@v24.14.0
3 silly config load:file:C:\Program Files\nodejs\node_modules\npm\npmrc
4 silly config load:file:D:\Temp\NeighbourHub\Frontend\project1\.npmrc
5 silly config load:file:C:\Users\Atharva\.npmrc
6 silly config load:file:C:\Users\Atharva\AppData\Roaming\npm\etc\npmrc
7 verbose title npm install lucide-react react-hot-toast recharts
8 verbose argv "install" "lucide-react" "react-hot-toast" "recharts" "--cache" "D:\\Temp\\NeighbourHub\\.npm-cache"
9 verbose logfile logs-max:10 dir:D:\Temp\NeighbourHub\.npm-cache\_logs\2026-06-28T09_48_02_801Z-
10 verbose logfile D:\Temp\NeighbourHub\.npm-cache\_logs\2026-06-28T09_48_02_801Z-debug-0.log
11 silly logfile done cleaning log files
12 silly packumentCache heap:4496293888 maxSize:1124073472 maxEntrySize:562036736
13 silly idealTree buildDeps
14 silly fetch manifest lucide-react@*
15 silly packumentCache full:https://registry.npmjs.org/lucide-react cache-miss
16 http fetch GET 200 https://registry.npmjs.org/lucide-react 223ms (cache miss)
17 silly packumentCache full:https://registry.npmjs.org/lucide-react set size:undefined disposed:false
18 silly fetch manifest react@^19.2.7
19 silly packumentCache full:https://registry.npmjs.org/react cache-miss
20 http fetch GET 200 https://registry.npmjs.org/react 297ms (cache miss)
21 silly packumentCache full:https://registry.npmjs.org/react set size:undefined disposed:false
22 silly fetch manifest react-hot-toast@*
23 silly packumentCache full:https://registry.npmjs.org/react-hot-toast cache-miss
24 http fetch GET 200 https://registry.npmjs.org/npm 1074ms
25 http fetch GET 200 https://registry.npmjs.org/react-hot-toast 323ms (cache miss)
26 silly packumentCache full:https://registry.npmjs.org/react-hot-toast set size:undefined disposed:false
27 silly fetch manifest react-dom@^19.2.7
28 silly packumentCache full:https://registry.npmjs.org/react-dom cache-miss
29 http fetch GET 200 https://registry.npmjs.org/react-dom 409ms (cache miss)
30 silly packumentCache full:https://registry.npmjs.org/react-dom set size:undefined disposed:false
31 silly fetch manifest recharts@*
32 silly packumentCache full:https://registry.npmjs.org/recharts cache-miss
33 http fetch GET 200 https://registry.npmjs.org/recharts 140ms (cache miss)
34 silly packumentCache full:https://registry.npmjs.org/recharts set size:undefined disposed:false
35 silly fetch manifest react-is@^16.8.0 || ^17.0.0 || ^18.0.0 || ^19.0.0
36 silly packumentCache full:https://registry.npmjs.org/react-is cache-miss
37 http fetch GET 200 https://registry.npmjs.org/react-is 283ms (cache miss)
38 silly packumentCache full:https://registry.npmjs.org/react-is set size:undefined disposed:false
39 silly placeDep ROOT lucide-react@1.21.0 OK for: neighbourhub-frontend@0.0.0 want: *
40 silly placeDep ROOT react-hot-toast@2.6.0 OK for: neighbourhub-frontend@0.0.0 want: *
41 silly placeDep ROOT recharts@3.9.0 OK for: neighbourhub-frontend@0.0.0 want: *
42 silly placeDep ROOT react-is@19.2.7 OK for: recharts@3.9.0 want: ^16.8.0 || ^17.0.0 || ^18.0.0 || ^19.0.0
43 silly fetch manifest goober@^2.1.16
44 silly packumentCache full:https://registry.npmjs.org/goober cache-miss
45 silly fetch manifest @reduxjs/toolkit@^1.9.0 || 2.x.x
46 silly packumentCache full:https://registry.npmjs.org/@reduxjs%2ftoolkit cache-miss
47 silly fetch manifest clsx@^2.1.1
48 silly packumentCache full:https://registry.npmjs.org/clsx cache-miss
49 silly fetch manifest decimal.js-light@^2.5.1
50 silly packumentCache full:https://registry.npmjs.org/decimal.js-light cache-miss
51 silly fetch manifest es-toolkit@^1.39.3
52 silly packumentCache full:https://registry.npmjs.org/es-toolkit cache-miss
53 silly fetch manifest eventemitter3@^5.0.1
54 silly packumentCache full:https://registry.npmjs.org/eventemitter3 cache-miss
55 silly fetch manifest immer@^10.1.1
56 silly packumentCache full:https://registry.npmjs.org/immer cache-miss
57 silly fetch manifest react-redux@8.x.x || 9.x.x
58 silly packumentCache full:https://registry.npmjs.org/react-redux cache-miss
59 silly fetch manifest reselect@5.2.0
60 silly packumentCache full:https://registry.npmjs.org/reselect cache-miss
61 silly fetch manifest tiny-invariant@^1.3.3
62 silly packumentCache full:https://registry.npmjs.org/tiny-invariant cache-miss
63 silly fetch manifest use-sync-external-store@^1.2.2
64 silly packumentCache full:https://registry.npmjs.org/use-sync-external-store cache-miss
65 http fetch GET 200 https://registry.npmjs.org/@reduxjs%2ftoolkit 78ms (cache miss)
66 silly packumentCache full:https://registry.npmjs.org/@reduxjs%2ftoolkit set size:undefined disposed:false
67 silly fetch manifest victory-vendor@^37.0.2
68 silly packumentCache full:https://registry.npmjs.org/victory-vendor cache-miss
69 http fetch GET 200 https://registry.npmjs.org/clsx 176ms (cache miss)
70 silly packumentCache full:https://registry.npmjs.org/clsx set size:undefined disposed:false
71 http fetch GET 200 https://registry.npmjs.org/victory-vendor 94ms (cache miss)
72 silly packumentCache full:https://registry.npmjs.org/victory-vendor set size:undefined disposed:false
73 http fetch GET 200 https://registry.npmjs.org/eventemitter3 191ms (cache miss)
74 silly packumentCache full:https://registry.npmjs.org/eventemitter3 set size:undefined disposed:false
75 http fetch GET 200 https://registry.npmjs.org/tiny-invariant 200ms (cache miss)
76 silly packumentCache full:https://registry.npmjs.org/tiny-invariant set size:undefined disposed:false
77 http fetch GET 200 https://registry.npmjs.org/reselect 211ms (cache miss)
78 silly packumentCache full:https://registry.npmjs.org/reselect set size:undefined disposed:false
79 http fetch GET 200 https://registry.npmjs.org/immer 230ms (cache miss)
80 silly packumentCache full:https://registry.npmjs.org/immer set size:undefined disposed:false
81 http fetch GET 200 https://registry.npmjs.org/decimal.js-light 368ms (cache miss)
82 silly packumentCache full:https://registry.npmjs.org/decimal.js-light set size:undefined disposed:false
83 http fetch GET 200 https://registry.npmjs.org/use-sync-external-store 409ms (cache miss)
84 silly packumentCache full:https://registry.npmjs.org/use-sync-external-store set size:undefined disposed:false
85 http fetch GET 200 https://registry.npmjs.org/react-redux 463ms (cache miss)
86 silly packumentCache full:https://registry.npmjs.org/react-redux set size:undefined disposed:false
87 http fetch GET 200 https://registry.npmjs.org/goober 561ms (cache miss)
88 silly packumentCache full:https://registry.npmjs.org/goober set size:undefined disposed:false
89 http fetch GET 200 https://registry.npmjs.org/es-toolkit 625ms (cache miss)
90 silly packumentCache full:https://registry.npmjs.org/es-toolkit set size:undefined disposed:false
91 silly fetch manifest csstype@^3.1.3
92 silly packumentCache full:https://registry.npmjs.org/csstype cache-miss
93 http fetch GET 200 https://registry.npmjs.org/csstype 47ms (cache miss)
94 silly packumentCache full:https://registry.npmjs.org/csstype set size:undefined disposed:false
95 silly placeDep ROOT goober@2.1.19 OK for: react-hot-toast@2.6.0 want: ^2.1.16
96 silly fetch manifest react@^16.8.0 || ^17.0.0 || ^18.0.0 || ^19.0.0
97 silly packumentCache full:https://registry.npmjs.org/react cache-miss
98 http cache https://registry.npmjs.org/react 50ms (cache hit)
99 silly packumentCache full:https://registry.npmjs.org/react set size:6742652 disposed:false
100 silly fetch manifest @types/react@^18.2.25 || ^19
101 silly packumentCache full:https://registry.npmjs.org/@types%2freact cache-miss
102 http fetch GET 200 https://registry.npmjs.org/@types%2freact 165ms (cache miss)
103 silly packumentCache full:https://registry.npmjs.org/@types%2freact set size:undefined disposed:false
104 silly fetch manifest redux@^5.0.0
105 silly packumentCache full:https://registry.npmjs.org/redux cache-miss
106 http fetch GET 200 https://registry.npmjs.org/redux 52ms (cache miss)
107 silly packumentCache full:https://registry.npmjs.org/redux set size:undefined disposed:false
108 silly placeDep ROOT @reduxjs/toolkit@2.12.0 OK for: recharts@3.9.0 want: ^1.9.0 || 2.x.x
109 silly placeDep ROOT clsx@2.1.1 OK for: recharts@3.9.0 want: ^2.1.1
110 silly placeDep ROOT decimal.js-light@2.5.1 OK for: recharts@3.9.0 want: ^2.5.1
111 silly placeDep ROOT es-toolkit@1.49.0 OK for: recharts@3.9.0 want: ^1.39.3
112 silly placeDep ROOT eventemitter3@5.0.4 OK for: recharts@3.9.0 want: ^5.0.1
113 silly placeDep ROOT immer@10.2.0 OK for: recharts@3.9.0 want: ^10.1.1
114 silly placeDep ROOT react-redux@9.3.0 OK for: recharts@3.9.0 want: 8.x.x || 9.x.x
115 silly placeDep ROOT reselect@5.2.0 OK for: recharts@3.9.0 want: 5.2.0
116 silly placeDep ROOT tiny-invariant@1.3.3 OK for: recharts@3.9.0 want: ^1.3.3
117 silly placeDep ROOT use-sync-external-store@1.6.0 OK for: recharts@3.9.0 want: ^1.2.2
118 silly placeDep ROOT victory-vendor@37.3.6 OK for: recharts@3.9.0 want: ^37.0.2
119 silly fetch manifest @standard-schema/spec@^1.0.0
120 silly packumentCache full:https://registry.npmjs.org/@standard-schema%2fspec cache-miss
121 silly fetch manifest @standard-schema/utils@^0.3.0
122 silly packumentCache full:https://registry.npmjs.org/@standard-schema%2futils cache-miss
123 silly fetch manifest immer@^11.0.0
124 silly packumentCache full:https://registry.npmjs.org/immer cache-miss
125 silly fetch manifest redux@^5.0.1
126 silly packumentCache full:https://registry.npmjs.org/redux cache-miss
127 silly fetch manifest redux-thunk@^3.1.0
128 silly packumentCache full:https://registry.npmjs.org/redux-thunk cache-miss
129 silly fetch manifest reselect@^5.1.0
130 silly packumentCache full:https://registry.npmjs.org/reselect cache-miss
131 silly fetch manifest @types/use-sync-external-store@^0.0.6
132 silly packumentCache full:https://registry.npmjs.org/@types%2fuse-sync-external-store cache-miss
133 silly fetch manifest use-sync-external-store@^1.4.0
134 silly packumentCache full:https://registry.npmjs.org/use-sync-external-store cache-miss
135 silly fetch manifest d3-ease@^3.0.1
136 silly packumentCache full:https://registry.npmjs.org/d3-ease cache-miss
137 silly fetch manifest d3-time@^3.0.0
138 silly packumentCache full:https://registry.npmjs.org/d3-time cache-miss
139 silly fetch manifest d3-array@^3.1.6
140 silly packumentCache full:https://registry.npmjs.org/d3-array cache-miss
141 http cache https://registry.npmjs.org/redux 34ms (cache hit)
142 silly packumentCache full:https://registry.npmjs.org/redux set size:553833 disposed:false
143 silly fetch manifest d3-scale@^4.0.2
144 silly packumentCache full:https://registry.npmjs.org/d3-scale cache-miss
145 http cache https://registry.npmjs.org/immer 44ms (cache hit)
146 silly packumentCache full:https://registry.npmjs.org/immer set size:761699 disposed:false
147 silly fetch manifest d3-shape@^3.1.0
148 silly packumentCache full:https://registry.npmjs.org/d3-shape cache-miss
149 http cache https://registry.npmjs.org/use-sync-external-store 68ms (cache hit)
150 silly packumentCache full:https://registry.npmjs.org/use-sync-external-store set size:4771011 disposed:false
151 silly fetch manifest d3-timer@^3.0.1
152 silly packumentCache full:https://registry.npmjs.org/d3-timer cache-miss
153 http cache https://registry.npmjs.org/reselect 100ms (cache hit)
154 silly packumentCache full:https://registry.npmjs.org/reselect set size:353417 disposed:false
155 silly fetch manifest @types/d3-ease@^3.0.0
156 silly packumentCache full:https://registry.npmjs.org/@types%2fd3-ease cache-miss
157 http fetch GET 200 https://registry.npmjs.org/d3-ease 151ms (cache miss)
158 silly packumentCache full:https://registry.npmjs.org/d3-ease set size:undefined disposed:false
159 silly fetch manifest @types/d3-time@^3.0.0
160 silly packumentCache full:https://registry.npmjs.org/@types%2fd3-time cache-miss
161 http fetch GET 200 https://registry.npmjs.org/d3-timer 65ms (cache miss)
162 silly packumentCache full:https://registry.npmjs.org/d3-timer set size:undefined disposed:false
163 silly fetch manifest d3-interpolate@^3.0.1
164 silly packumentCache full:https://registry.npmjs.org/d3-interpolate cache-miss
165 http fetch GET 200 https://registry.npmjs.org/d3-time 164ms (cache miss)
166 silly packumentCache full:https://registry.npmjs.org/d3-time set size:undefined disposed:false
167 silly fetch manifest @types/d3-array@^3.0.3
168 silly packumentCache full:https://registry.npmjs.org/@types%2fd3-array cache-miss
169 http fetch GET 200 https://registry.npmjs.org/d3-array 166ms (cache miss)
170 silly packumentCache full:https://registry.npmjs.org/d3-array set size:undefined disposed:false
171 silly fetch manifest @types/d3-scale@^4.0.2
172 silly packumentCache full:https://registry.npmjs.org/@types%2fd3-scale cache-miss
173 http fetch GET 200 https://registry.npmjs.org/d3-shape 129ms (cache miss)
174 silly packumentCache full:https://registry.npmjs.org/d3-shape set size:undefined disposed:false
175 silly fetch manifest @types/d3-shape@^3.1.0
176 silly packumentCache full:https://registry.npmjs.org/@types%2fd3-shape cache-miss
177 http fetch GET 200 https://registry.npmjs.org/d3-scale 151ms (cache miss)
178 silly packumentCache full:https://registry.npmjs.org/d3-scale set size:undefined disposed:false
179 silly fetch manifest @types/d3-timer@^3.0.0
180 silly packumentCache full:https://registry.npmjs.org/@types%2fd3-timer cache-miss
181 http fetch GET 200 https://registry.npmjs.org/@types%2fd3-ease 88ms (cache miss)
182 silly packumentCache full:https://registry.npmjs.org/@types%2fd3-ease set size:undefined disposed:false
183 silly fetch manifest @types/d3-interpolate@^3.0.1
184 silly packumentCache full:https://registry.npmjs.org/@types%2fd3-interpolate cache-miss
185 http fetch GET 200 https://registry.npmjs.org/@types%2fd3-time 57ms (cache miss)
186 silly packumentCache full:https://registry.npmjs.org/@types%2fd3-time set size:undefined disposed:false
187 http fetch GET 200 https://registry.npmjs.org/d3-interpolate 57ms (cache miss)
188 silly packumentCache full:https://registry.npmjs.org/d3-interpolate set size:undefined disposed:false
189 http fetch GET 200 https://registry.npmjs.org/@standard-schema%2futils 226ms (cache miss)
190 silly packumentCache full:https://registry.npmjs.org/@standard-schema%2futils set size:undefined disposed:false
191 http fetch GET 200 https://registry.npmjs.org/@types%2fd3-scale 58ms (cache miss)
192 silly packumentCache full:https://registry.npmjs.org/@types%2fd3-scale set size:undefined disposed:false
193 http fetch GET 200 https://registry.npmjs.org/@types%2fd3-array 64ms (cache miss)
194 silly packumentCache full:https://registry.npmjs.org/@types%2fd3-array set size:undefined disposed:false
195 http fetch GET 200 https://registry.npmjs.org/@types%2fd3-shape 59ms (cache miss)
196 silly packumentCache full:https://registry.npmjs.org/@types%2fd3-shape set size:undefined disposed:false
197 http fetch GET 200 https://registry.npmjs.org/@types%2fd3-timer 50ms (cache miss)
198 silly packumentCache full:https://registry.npmjs.org/@types%2fd3-timer set size:undefined disposed:false
199 http fetch GET 200 https://registry.npmjs.org/@types%2fuse-sync-external-store 258ms (cache miss)
200 silly packumentCache full:https://registry.npmjs.org/@types%2fuse-sync-external-store set size:undefined disposed:false
201 http fetch GET 200 https://registry.npmjs.org/@types%2fd3-interpolate 61ms (cache miss)
202 silly packumentCache full:https://registry.npmjs.org/@types%2fd3-interpolate set size:undefined disposed:false
203 http fetch GET 200 https://registry.npmjs.org/redux-thunk 274ms (cache miss)
204 silly packumentCache full:https://registry.npmjs.org/redux-thunk set size:undefined disposed:false
205 http fetch GET 200 https://registry.npmjs.org/@standard-schema%2fspec 392ms (cache miss)
206 silly packumentCache full:https://registry.npmjs.org/@standard-schema%2fspec set size:undefined disposed:false
207 silly placeDep ROOT @standard-schema/spec@1.1.0 OK for: @reduxjs/toolkit@2.12.0 want: ^1.0.0
208 silly placeDep ROOT @standard-schema/utils@0.3.0 OK for: @reduxjs/toolkit@2.12.0 want: ^0.3.0
209 silly placeDep node_modules/@reduxjs/toolkit immer@11.1.8 OK for: @reduxjs/toolkit@2.12.0 want: ^11.0.0
210 silly placeDep ROOT redux@5.0.1 OK for: @reduxjs/toolkit@2.12.0 want: ^5.0.1
211 silly placeDep ROOT redux-thunk@3.1.0 OK for: @reduxjs/toolkit@2.12.0 want: ^3.1.0
212 silly placeDep ROOT @types/use-sync-external-store@0.0.6 OK for: react-redux@9.3.0 want: ^0.0.6
213 silly placeDep ROOT @types/d3-array@3.2.2 OK for: victory-vendor@37.3.6 want: ^3.0.3
214 silly placeDep ROOT @types/d3-ease@3.0.2 OK for: victory-vendor@37.3.6 want: ^3.0.0
215 silly placeDep ROOT @types/d3-interpolate@3.0.4 OK for: victory-vendor@37.3.6 want: ^3.0.1
216 silly placeDep ROOT @types/d3-scale@4.0.9 OK for: victory-vendor@37.3.6 want: ^4.0.2
217 silly placeDep ROOT @types/d3-shape@3.1.8 OK for: victory-vendor@37.3.6 want: ^3.1.0
218 silly placeDep ROOT @types/d3-time@3.0.4 OK for: victory-vendor@37.3.6 want: ^3.0.0
219 silly placeDep ROOT @types/d3-timer@3.0.2 OK for: victory-vendor@37.3.6 want: ^3.0.0
220 silly placeDep ROOT d3-array@3.2.4 OK for: victory-vendor@37.3.6 want: ^3.1.6
221 silly placeDep ROOT d3-ease@3.0.1 OK for: victory-vendor@37.3.6 want: ^3.0.1
222 silly placeDep ROOT d3-interpolate@3.0.1 OK for: victory-vendor@37.3.6 want: ^3.0.1
223 silly placeDep ROOT d3-scale@4.0.2 OK for: victory-vendor@37.3.6 want: ^4.0.2
224 silly placeDep ROOT d3-shape@3.2.0 OK for: victory-vendor@37.3.6 want: ^3.1.0
225 silly placeDep ROOT d3-time@3.1.0 OK for: victory-vendor@37.3.6 want: ^3.0.0
226 silly placeDep ROOT d3-timer@3.0.1 OK for: victory-vendor@37.3.6 want: ^3.0.1
227 silly fetch manifest @types/d3-color@*
228 silly packumentCache full:https://registry.npmjs.org/@types%2fd3-color cache-miss
229 silly fetch manifest @types/d3-time@*
230 silly packumentCache full:https://registry.npmjs.org/@types%2fd3-time cache-miss
231 silly fetch manifest @types/d3-path@*
232 silly packumentCache full:https://registry.npmjs.org/@types%2fd3-path cache-miss
233 silly fetch manifest internmap@1 - 2
234 silly packumentCache full:https://registry.npmjs.org/internmap cache-miss
235 silly fetch manifest d3-color@1 - 3
236 silly packumentCache full:https://registry.npmjs.org/d3-color cache-miss
237 silly fetch manifest d3-format@1 - 3
238 silly packumentCache full:https://registry.npmjs.org/d3-format cache-miss
239 silly fetch manifest d3-time@2.1.1 - 3
240 silly packumentCache full:https://registry.npmjs.org/d3-time cache-miss
241 silly fetch manifest d3-time-format@2 - 4
242 silly packumentCache full:https://registry.npmjs.org/d3-time-format cache-miss
243 silly fetch manifest d3-path@^3.1.0
244 silly packumentCache full:https://registry.npmjs.org/d3-path cache-miss
245 http cache https://registry.npmjs.org/d3-time 29ms (cache hit)
246 silly packumentCache full:https://registry.npmjs.org/d3-time set size:150406 disposed:false
247 http cache https://registry.npmjs.org/@types%2fd3-time 46ms (cache hit)
248 silly packumentCache full:https://registry.npmjs.org/@types%2fd3-time set size:52652 disposed:false
249 http fetch GET 200 https://registry.npmjs.org/@types%2fd3-path 76ms (cache miss)
250 silly packumentCache full:https://registry.npmjs.org/@types%2fd3-path set size:undefined disposed:false
251 http fetch GET 200 https://registry.npmjs.org/d3-path 83ms (cache miss)
252 silly packumentCache full:https://registry.npmjs.org/d3-path set size:undefined disposed:false
253 http fetch GET 200 https://registry.npmjs.org/d3-time-format 85ms (cache miss)
254 silly packumentCache full:https://registry.npmjs.org/d3-time-format set size:undefined disposed:false
255 http fetch GET 200 https://registry.npmjs.org/@types%2fd3-color 91ms (cache miss)
256 silly packumentCache full:https://registry.npmjs.org/@types%2fd3-color set size:undefined disposed:false
257 http fetch GET 200 https://registry.npmjs.org/d3-format 91ms (cache miss)
258 silly packumentCache full:https://registry.npmjs.org/d3-format set size:undefined disposed:false
259 http fetch GET 200 https://registry.npmjs.org/internmap 95ms (cache miss)
260 silly packumentCache full:https://registry.npmjs.org/internmap set size:undefined disposed:false
261 http fetch GET 200 https://registry.npmjs.org/d3-color 95ms (cache miss)
262 silly packumentCache full:https://registry.npmjs.org/d3-color set size:undefined disposed:false
263 silly placeDep ROOT @types/d3-color@3.1.3 OK for: @types/d3-interpolate@3.0.4 want: *
264 silly placeDep ROOT @types/d3-path@3.1.1 OK for: @types/d3-shape@3.1.8 want: *
265 silly placeDep ROOT internmap@2.0.3 OK for: d3-array@3.2.4 want: 1 - 2
266 silly placeDep ROOT d3-color@3.1.0 OK for: d3-interpolate@3.0.1 want: 1 - 3
267 silly placeDep ROOT d3-format@3.1.2 OK for: d3-scale@4.0.2 want: 1 - 3
268 silly placeDep ROOT d3-time-format@4.1.0 OK for: d3-scale@4.0.2 want: 2 - 4
269 silly placeDep ROOT d3-path@3.1.0 OK for: d3-shape@3.2.0 want: ^3.1.0
270 silly reify moves {}
271 silly audit bulk request {
271 silly audit   '@babel/code-frame': [ '7.29.7' ],
271 silly audit   '@babel/compat-data': [ '7.29.7' ],
271 silly audit   '@babel/core': [ '7.29.7' ],
271 silly audit   '@babel/generator': [ '7.29.7' ],
271 silly audit   '@babel/helper-compilation-targets': [ '7.29.7' ],
271 silly audit   '@babel/helper-globals': [ '7.29.7' ],
271 silly audit   '@babel/helper-module-imports': [ '7.29.7' ],
271 silly audit   '@babel/helper-module-transforms': [ '7.29.7' ],
271 silly audit   '@babel/helper-string-parser': [ '7.29.7' ],
271 silly audit   '@babel/helper-validator-identifier': [ '7.29.7' ],
271 silly audit   '@babel/helper-validator-option': [ '7.29.7' ],
271 silly audit   '@babel/helpers': [ '7.29.7' ],
271 silly audit   '@babel/parser': [ '7.29.7' ],
271 silly audit   '@babel/template': [ '7.29.7' ],
271 silly audit   '@babel/traverse': [ '7.29.7' ],
271 silly audit   '@babel/types': [ '7.29.7' ],
271 silly audit   '@emnapi/core': [ '1.11.1' ],
271 silly audit   '@emnapi/runtime': [ '1.11.1' ],
271 silly audit   '@emnapi/wasi-threads': [ '1.2.2' ],
271 silly audit   '@eslint-community/eslint-utils': [ '4.9.1' ],
271 silly audit   'eslint-visitor-keys': [ '3.4.3', '5.0.1' ],
271 silly audit   '@eslint-community/regexpp': [ '4.12.2' ],
271 silly audit   '@eslint/config-array': [ '0.23.5' ],
271 silly audit   '@eslint/config-helpers': [ '0.6.0' ],
271 silly audit   '@eslint/core': [ '1.2.1' ],
271 silly audit   '@eslint/js': [ '10.0.1' ],
271 silly audit   '@eslint/object-schema': [ '3.0.5' ],
271 silly audit   '@eslint/plugin-kit': [ '0.7.2' ],
271 silly audit   '@humanfs/core': [ '0.19.2' ],
271 silly audit   '@humanfs/node': [ '0.16.8' ],
271 silly audit   '@humanfs/types': [ '0.15.0' ],
271 silly audit   '@humanwhocodes/module-importer': [ '1.0.1' ],
271 silly audit   '@humanwhocodes/retry': [ '0.4.3' ],
271 silly audit   '@jridgewell/gen-mapping': [ '0.3.13' ],
271 silly audit   '@jridgewell/remapping': [ '2.3.5' ],
271 silly audit   '@jridgewell/resolve-uri': [ '3.1.2' ],
271 silly audit   '@jridgewell/sourcemap-codec': [ '1.5.5' ],
271 silly audit   '@jridgewell/trace-mapping': [ '0.3.31' ],
271 silly audit   '@napi-rs/wasm-runtime': [ '1.1.6' ],
271 silly audit   '@oxc-project/types': [ '0.137.0' ],
271 silly audit   '@rolldown/binding-android-arm64': [ '1.1.3' ],
271 silly audit   '@rolldown/binding-darwin-arm64': [ '1.1.3' ],
271 silly audit   '@rolldown/binding-darwin-x64': [ '1.1.3' ],
271 silly audit   '@rolldown/binding-freebsd-x64': [ '1.1.3' ],
271 silly audit   '@rolldown/binding-linux-arm-gnueabihf': [ '1.1.3' ],
271 silly audit   '@rolldown/binding-linux-arm64-gnu': [ '1.1.3' ],
271 silly audit   '@rolldown/binding-linux-arm64-musl': [ '1.1.3' ],
271 silly audit   '@rolldown/binding-linux-ppc64-gnu': [ '1.1.3' ],
271 silly audit   '@rolldown/binding-linux-s390x-gnu': [ '1.1.3' ],
271 silly audit   '@rolldown/binding-linux-x64-gnu': [ '1.1.3' ],
271 silly audit   '@rolldown/binding-linux-x64-musl': [ '1.1.3' ],
271 silly audit   '@rolldown/binding-openharmony-arm64': [ '1.1.3' ],
271 silly audit   '@rolldown/binding-wasm32-wasi': [ '1.1.3' ],
271 silly audit   '@rolldown/binding-win32-arm64-msvc': [ '1.1.3' ],
271 silly audit   '@rolldown/binding-win32-x64-msvc': [ '1.1.3' ],
271 silly audit   '@rolldown/pluginutils': [ '1.0.1' ],
271 silly audit   '@socket.io/component-emitter': [ '3.1.2' ],
271 silly audit   '@tailwindcss/node': [ '4.3.1' ],
271 silly audit   '@tailwindcss/oxide': [ '4.3.1' ],
271 silly audit   '@tailwindcss/oxide-android-arm64': [ '4.3.1' ],
271 silly audit   '@tailwindcss/oxide-darwin-arm64': [ '4.3.1' ],
271 silly audit   '@tailwindcss/oxide-darwin-x64': [ '4.3.1' ],
271 silly audit   '@tailwindcss/oxide-freebsd-x64': [ '4.3.1' ],
271 silly audit   '@tailwindcss/oxide-linux-arm-gnueabihf': [ '4.3.1' ],
271 silly audit   '@tailwindcss/oxide-linux-arm64-gnu': [ '4.3.1' ],
271 silly audit   '@tailwindcss/oxide-linux-arm64-musl': [ '4.3.1' ],
271 silly audit   '@tailwindcss/oxide-linux-x64-gnu': [ '4.3.1' ],
271 silly audit   '@tailwindcss/oxide-linux-x64-musl': [ '4.3.1' ],
271 silly audit   '@tailwindcss/oxide-wasm32-wasi': [ '4.3.1' ],
271 silly audit   '@tailwindcss/oxide-win32-arm64-msvc': [ '4.3.1' ],
271 silly audit   '@tailwindcss/oxide-win32-x64-msvc': [ '4.3.1' ],
271 silly audit   '@tailwindcss/vite': [ '4.3.1' ],
271 silly audit   '@tybys/wasm-util': [ '0.10.3' ],
271 silly audit   '@types/esrecurse': [ '4.3.1' ],
271 silly audit   '@types/estree': [ '1.0.9' ],
271 silly audit   '@types/json-schema': [ '7.0.15' ],
271 silly audit   '@types/react': [ '19.2.17' ],
271 silly audit   '@types/react-dom': [ '19.2.3' ],
271 silly audit   '@vitejs/plugin-react': [ '6.0.3' ],
271 silly audit   acorn: [ '8.17.0' ],
271 silly audit   'acorn-jsx': [ '5.3.2' ],
271 silly audit   'agent-base': [ '6.0.2' ],
271 silly audit   ajv: [ '6.15.0' ],
271 silly audit   asynckit: [ '0.4.0' ],
271 silly audit   axios: [ '1.18.1' ],
271 silly audit   'balanced-match': [ '4.0.4' ],
271 silly audit   'baseline-browser-mapping': [ '2.10.40' ],
271 silly audit   'brace-expansion': [ '5.0.6' ],
271 silly audit   browserslist: [ '4.28.4' ],
271 silly audit   'call-bind-apply-helpers': [ '1.0.2' ],
271 silly audit   'caniuse-lite': [ '1.0.30001799' ],
271 silly audit   'combined-stream': [ '1.0.8' ],
271 silly audit   'convert-source-map': [ '2.0.0' ],
271 silly audit   cookie: [ '1.1.1' ],
271 silly audit   'cross-spawn': [ '7.0.6' ],
271 silly audit   csstype: [ '3.2.3' ],
271 silly audit   debug: [ '4.4.3' ],
271 silly audit   'deep-is': [ '0.1.4' ],
271 silly audit   'delayed-stream': [ '1.0.0' ],
271 silly audit   'detect-libc': [ '2.1.2' ],
271 silly audit   'dunder-proto': [ '1.0.1' ],
271 silly audit   'electron-to-chromium': [ '1.5.380' ],
271 silly audit   'engine.io-client': [ '6.6.6' ],
271 silly audit   'engine.io-parser': [ '5.2.3' ],
271 silly audit   'enhanced-resolve': [ '5.21.6' ],
271 silly audit   'es-define-property': [ '1.0.1' ],
271 silly audit   'es-errors': [ '1.3.0' ],
271 silly audit   'es-object-atoms': [ '1.1.2' ],
271 silly audit   'es-set-tostringtag': [ '2.1.0' ],
271 silly audit   escalade: [ '3.2.0' ],
271 silly audit   'escape-string-regexp': [ '4.0.0' ],
271 silly audit   eslint: [ '10.6.0' ],
271 silly audit   'eslint-plugin-react-hooks': [ '7.1.1' ],
271 silly audit   'eslint-plugin-react-refresh': [ '0.5.3' ],
271 silly audit   'eslint-scope': [ '9.1.2' ],
271 silly audit   espree: [ '11.2.0' ],
271 silly audit   esquery: [ '1.7.0' ],
271 silly audit   esrecurse: [ '4.3.0' ],
271 silly audit   estraverse: [ '5.3.0' ],
271 silly audit   esutils: [ '2.0.3' ],
271 silly audit   'fast-deep-equal': [ '3.1.3' ],
271 silly audit   'fast-json-stable-stringify': [ '2.1.0' ],
271 silly audit   'fast-levenshtein': [ '2.0.6' ],
271 silly audit   fdir: [ '6.5.0' ],
271 silly audit   'file-entry-cache': [ '8.0.0' ],
271 silly audit   'find-up': [ '5.0.0' ],
271 silly audit   'flat-cache': [ '4.0.1' ],
271 silly audit   flatted: [ '3.4.2' ],
271 silly audit   'follow-redirects': [ '1.16.0' ],
271 silly audit   'form-data': [ '4.0.6' ],
271 silly audit   fsevents: [ '2.3.3' ],
271 silly audit   'function-bind': [ '1.1.2' ],
271 silly audit   gensync: [ '1.0.0-beta.2' ],
271 silly audit   'get-intrinsic': [ '1.3.0' ],
271 silly audit   'get-proto': [ '1.0.1' ],
271 silly audit   'glob-parent': [ '6.0.2' ],
271 silly audit   globals: [ '17.7.0' ],
271 silly audit   gopd: [ '1.2.0' ],
271 silly audit   'graceful-fs': [ '4.2.11' ],
271 silly audit   'has-symbols': [ '1.1.0' ],
271 silly audit   'has-tostringtag': [ '1.0.2' ],
271 silly audit   hasown: [ '2.0.4' ],
271 silly audit   'hermes-estree': [ '0.25.1' ],
271 silly audit   'hermes-parser': [ '0.25.1' ],
271 silly audit   'https-proxy-agent': [ '5.0.1' ],
271 silly audit   ignore: [ '5.3.2' ],
271 silly audit   imurmurhash: [ '0.1.4' ],
271 silly audit   'is-extglob': [ '2.1.1' ],
271 silly audit   'is-glob': [ '4.0.3' ],
271 silly audit   isexe: [ '2.0.0' ],
271 silly audit   jiti: [ '2.7.0' ],
271 silly audit   'js-tokens': [ '4.0.0' ],
271 silly audit   jsesc: [ '3.1.0' ],
271 silly audit   'json-buffer': [ '3.0.1' ],
271 silly audit   'json-schema-traverse': [ '0.4.1' ],
271 silly audit   'json-stable-stringify-without-jsonify': [ '1.0.1' ],
271 silly audit   json5: [ '2.2.3' ],
271 silly audit   keyv: [ '4.5.4' ],
271 silly audit   levn: [ '0.4.1' ],
271 silly audit   lightningcss: [ '1.32.0' ],
271 silly audit   'lightningcss-android-arm64': [ '1.32.0' ],
271 silly audit   'lightningcss-darwin-arm64': [ '1.32.0' ],
271 silly audit   'lightningcss-darwin-x64': [ '1.32.0' ],
271 silly audit   'lightningcss-freebsd-x64': [ '1.32.0' ],
271 silly audit   'lightningcss-linux-arm-gnueabihf': [ '1.32.0' ],
271 silly audit   'lightningcss-linux-arm64-gnu': [ '1.32.0' ],
271 silly audit   'lightningcss-linux-arm64-musl': [ '1.32.0' ],
271 silly audit   'lightningcss-linux-x64-gnu': [ '1.32.0' ],
271 silly audit   'lightningcss-linux-x64-musl': [ '1.32.0' ],
271 silly audit   'lightningcss-win32-arm64-msvc': [ '1.32.0' ],
271 silly audit   'lightningcss-win32-x64-msvc': [ '1.32.0' ],
271 silly audit   'locate-path': [ '6.0.0' ],
271 silly audit   'lru-cache': [ '5.1.1' ],
271 silly audit   'magic-string': [ '0.30.21' ],
271 silly audit   'math-intrinsics': [ '1.1.0' ],
271 silly audit   'mime-db': [ '1.52.0' ],
271 silly audit   'mime-types': [ '2.1.35' ],
271 silly audit   minimatch: [ '10.2.5' ],
271 silly audit   ms: [ '2.1.3' ],
271 silly audit   nanoid: [ '3.3.15' ],
271 silly audit   'natural-compare': [ '1.4.0' ],
271 silly audit   'node-releases': [ '2.0.50' ],
271 silly audit   optionator: [ '0.9.4' ],
271 silly audit   'p-limit': [ '3.1.0' ],
271 silly audit   'p-locate': [ '5.0.0' ],
271 silly audit   'path-exists': [ '4.0.0' ],
271 silly audit   'path-key': [ '3.1.1' ],
271 silly audit   picocolors: [ '1.1.1' ],
271 silly audit   picomatch: [ '4.0.4' ],
271 silly audit   postcss: [ '8.5.15' ],
271 silly audit   'prelude-ls': [ '1.2.1' ],
271 silly audit   'proxy-from-env': [ '2.1.0' ],
271 silly audit   punycode: [ '2.3.1' ],
271 silly audit   react: [ '19.2.7' ],
271 silly audit   'react-dom': [ '19.2.7' ],
271 silly audit   'react-router': [ '7.18.0' ],
271 silly audit   'react-router-dom': [ '7.18.0' ],
271 silly audit   rolldown: [ '1.1.3' ],
271 silly audit   scheduler: [ '0.27.0' ],
271 silly audit   semver: [ '6.3.1' ],
271 silly audit   'set-cookie-parser': [ '2.7.2' ],
271 silly audit   'shebang-command': [ '2.0.0' ],
271 silly audit   'shebang-regex': [ '3.0.0' ],
271 silly audit   'socket.io-client': [ '4.8.3' ],
271 silly audit   'socket.io-parser': [ '4.2.6' ],
271 silly audit   'source-map-js': [ '1.2.1' ],
271 silly audit   tailwindcss: [ '4.3.1' ],
271 silly audit   tapable: [ '2.3.3' ],
271 silly audit   tinyglobby: [ '0.2.17' ],
271 silly audit   tslib: [ '2.8.1' ],
271 silly audit   'type-check': [ '0.4.0' ],
271 silly audit   'update-browserslist-db': [ '1.2.3' ],
271 silly audit   'uri-js': [ '4.4.1' ],
271 silly audit   vite: [ '8.1.0' ],
271 silly audit   which: [ '2.0.2' ],
271 silly audit   'word-wrap': [ '1.2.5' ],
271 silly audit   ws: [ '8.21.0' ],
271 silly audit   'xmlhttprequest-ssl': [ '2.1.2' ],
271 silly audit   yallist: [ '3.1.1' ],
271 silly audit   'yocto-queue': [ '0.1.0' ],
271 silly audit   zod: [ '4.4.3' ],
271 silly audit   'zod-validation-error': [ '4.0.2' ],
271 silly audit   'lucide-react': [ '1.21.0' ],
271 silly audit   'react-hot-toast': [ '2.6.0' ],
271 silly audit   recharts: [ '3.9.0' ],
271 silly audit   'react-is': [ '19.2.7' ],
271 silly audit   goober: [ '2.1.19' ],
271 silly audit   '@reduxjs/toolkit': [ '2.12.0' ],
271 silly audit   clsx: [ '2.1.1' ],
271 silly audit   'decimal.js-light': [ '2.5.1' ],
271 silly audit   'es-toolkit': [ '1.49.0' ],
271 silly audit   eventemitter3: [ '5.0.4' ],
271 silly audit   immer: [ '10.2.0', '11.1.8' ],
271 silly audit   'react-redux': [ '9.3.0' ],
271 silly audit   reselect: [ '5.2.0' ],
271 silly audit   'tiny-invariant': [ '1.3.3' ],
271 silly audit   'use-sync-external-store': [ '1.6.0' ],
271 silly audit   'victory-vendor': [ '37.3.6' ],
271 silly audit   '@standard-schema/spec': [ '1.1.0' ],
271 silly audit   '@standard-schema/utils': [ '0.3.0' ],
271 silly audit   redux: [ '5.0.1' ],
271 silly audit   'redux-thunk': [ '3.1.0' ],
271 silly audit   '@types/use-sync-external-store': [ '0.0.6' ],
271 silly audit   '@types/d3-array': [ '3.2.2' ],
271 silly audit   '@types/d3-ease': [ '3.0.2' ],
271 silly audit   '@types/d3-interpolate': [ '3.0.4' ],
271 silly audit   '@types/d3-scale': [ '4.0.9' ],
271 silly audit   '@types/d3-shape': [ '3.1.8' ],
271 silly audit   '@types/d3-time': [ '3.0.4' ],
271 silly audit   '@types/d3-timer': [ '3.0.2' ],
271 silly audit   'd3-array': [ '3.2.4' ],
271 silly audit   'd3-ease': [ '3.0.1' ],
271 silly audit   'd3-interpolate': [ '3.0.1' ],
271 silly audit   'd3-scale': [ '4.0.2' ],
271 silly audit   'd3-shape': [ '3.2.0' ],
271 silly audit   'd3-time': [ '3.1.0' ],
271 silly audit   'd3-timer': [ '3.0.1' ],
271 silly audit   '@types/d3-color': [ '3.1.3' ],
271 silly audit   '@types/d3-path': [ '3.1.1' ],
271 silly audit   internmap: [ '2.0.3' ],
271 silly audit   'd3-color': [ '3.1.0' ],
271 silly audit   'd3-format': [ '3.1.2' ],
271 silly audit   'd3-time-format': [ '4.1.0' ],
271 silly audit   'd3-path': [ '3.1.0' ]
271 silly audit }
272 http cache d3-path@https://registry.npmjs.org/d3-path/-/d3-path-3.1.0.tgz 0ms (cache hit)
273 http cache d3-color@https://registry.npmjs.org/d3-color/-/d3-color-3.1.0.tgz 0ms (cache hit)
274 http cache d3-time-format@https://registry.npmjs.org/d3-time-format/-/d3-time-format-4.1.0.tgz 0ms (cache hit)
275 http cache d3-format@https://registry.npmjs.org/d3-format/-/d3-format-3.1.2.tgz 0ms (cache hit)
276 http cache @types/d3-path@https://registry.npmjs.org/@types/d3-path/-/d3-path-3.1.1.tgz 0ms (cache hit)
277 http cache @types/d3-color@https://registry.npmjs.org/@types/d3-color/-/d3-color-3.1.3.tgz 0ms (cache hit)
278 http cache internmap@https://registry.npmjs.org/internmap/-/internmap-2.0.3.tgz 0ms (cache hit)
279 http cache d3-time@https://registry.npmjs.org/d3-time/-/d3-time-3.1.0.tgz 0ms (cache hit)
280 http cache d3-shape@https://registry.npmjs.org/d3-shape/-/d3-shape-3.2.0.tgz 0ms (cache hit)
281 http cache d3-timer@https://registry.npmjs.org/d3-timer/-/d3-timer-3.0.1.tgz 0ms (cache hit)
282 http cache d3-scale@https://registry.npmjs.org/d3-scale/-/d3-scale-4.0.2.tgz 0ms (cache hit)
283 http cache d3-interpolate@https://registry.npmjs.org/d3-interpolate/-/d3-interpolate-3.0.1.tgz 0ms (cache hit)
284 http cache d3-array@https://registry.npmjs.org/d3-array/-/d3-array-3.2.4.tgz 0ms (cache hit)
285 http cache @types/d3-shape@https://registry.npmjs.org/@types/d3-shape/-/d3-shape-3.1.8.tgz 0ms (cache hit)
286 http cache d3-ease@https://registry.npmjs.org/d3-ease/-/d3-ease-3.0.1.tgz 0ms (cache hit)
287 http cache @types/d3-time@https://registry.npmjs.org/@types/d3-time/-/d3-time-3.0.4.tgz 0ms (cache hit)
288 http cache @types/d3-interpolate@https://registry.npmjs.org/@types/d3-interpolate/-/d3-interpolate-3.0.4.tgz 0ms (cache hit)
289 http cache @types/d3-scale@https://registry.npmjs.org/@types/d3-scale/-/d3-scale-4.0.9.tgz 0ms (cache hit)
290 http cache redux-thunk@https://registry.npmjs.org/redux-thunk/-/redux-thunk-3.1.0.tgz 0ms (cache hit)
291 http cache @types/d3-timer@https://registry.npmjs.org/@types/d3-timer/-/d3-timer-3.0.2.tgz 0ms (cache hit)
292 http cache @types/d3-ease@https://registry.npmjs.org/@types/d3-ease/-/d3-ease-3.0.2.tgz 0ms (cache hit)
293 http cache @types/d3-array@https://registry.npmjs.org/@types/d3-array/-/d3-array-3.2.2.tgz 0ms (cache hit)
294 http cache @types/use-sync-external-store@https://registry.npmjs.org/@types/use-sync-external-store/-/use-sync-external-store-0.0.6.tgz 0ms (cache hit)
295 http cache @standard-schema/utils@https://registry.npmjs.org/@standard-schema/utils/-/utils-0.3.0.tgz 0ms (cache hit)
296 http cache redux@https://registry.npmjs.org/redux/-/redux-5.0.1.tgz 0ms (cache hit)
297 http cache @standard-schema/spec@https://registry.npmjs.org/@standard-schema/spec/-/spec-1.1.0.tgz 0ms (cache hit)
298 http cache victory-vendor@https://registry.npmjs.org/victory-vendor/-/victory-vendor-37.3.6.tgz 0ms (cache hit)
299 http cache use-sync-external-store@https://registry.npmjs.org/use-sync-external-store/-/use-sync-external-store-1.6.0.tgz 0ms (cache hit)
300 http cache tiny-invariant@https://registry.npmjs.org/tiny-invariant/-/tiny-invariant-1.3.3.tgz 0ms (cache hit)
301 http cache reselect@https://registry.npmjs.org/reselect/-/reselect-5.2.0.tgz 0ms (cache hit)
302 http cache immer@https://registry.npmjs.org/immer/-/immer-10.2.0.tgz 0ms (cache hit)
303 http cache react-redux@https://registry.npmjs.org/react-redux/-/react-redux-9.3.0.tgz 0ms (cache hit)
304 http cache eventemitter3@https://registry.npmjs.org/eventemitter3/-/eventemitter3-5.0.4.tgz 0ms (cache hit)
305 http cache decimal.js-light@https://registry.npmjs.org/decimal.js-light/-/decimal.js-light-2.5.1.tgz 0ms (cache hit)
306 http cache es-toolkit@https://registry.npmjs.org/es-toolkit/-/es-toolkit-1.49.0.tgz 0ms (cache hit)
307 http cache @reduxjs/toolkit@https://registry.npmjs.org/@reduxjs/toolkit/-/toolkit-2.12.0.tgz 0ms (cache hit)
308 http cache goober@https://registry.npmjs.org/goober/-/goober-2.1.19.tgz 0ms (cache hit)
309 http cache recharts@https://registry.npmjs.org/recharts/-/recharts-3.9.0.tgz 0ms (cache hit)
310 http cache react-hot-toast@https://registry.npmjs.org/react-hot-toast/-/react-hot-toast-2.6.0.tgz 0ms (cache hit)
311 http cache react-is@https://registry.npmjs.org/react-is/-/react-is-19.2.7.tgz 0ms (cache hit)
312 http cache lucide-react@https://registry.npmjs.org/lucide-react/-/lucide-react-1.21.0.tgz 0ms (cache hit)
313 http cache immer@https://registry.npmjs.org/immer/-/immer-11.1.8.tgz 0ms (cache hit)
314 http cache clsx@https://registry.npmjs.org/clsx/-/clsx-2.1.1.tgz 0ms (cache hit)
315 silly tarball no local data for d3-path@https://registry.npmjs.org/d3-path/-/d3-path-3.1.0.tgz. Extracting by manifest.
316 silly tarball no local data for d3-color@https://registry.npmjs.org/d3-color/-/d3-color-3.1.0.tgz. Extracting by manifest.
317 silly tarball no local data for d3-time-format@https://registry.npmjs.org/d3-time-format/-/d3-time-format-4.1.0.tgz. Extracting by manifest.
318 silly tarball no local data for d3-format@https://registry.npmjs.org/d3-format/-/d3-format-3.1.2.tgz. Extracting by manifest.
319 silly tarball no local data for @types/d3-path@https://registry.npmjs.org/@types/d3-path/-/d3-path-3.1.1.tgz. Extracting by manifest.
320 silly tarball no local data for @types/d3-color@https://registry.npmjs.org/@types/d3-color/-/d3-color-3.1.3.tgz. Extracting by manifest.
321 silly tarball no local data for internmap@https://registry.npmjs.org/internmap/-/internmap-2.0.3.tgz. Extracting by manifest.
322 silly tarball no local data for d3-time@https://registry.npmjs.org/d3-time/-/d3-time-3.1.0.tgz. Extracting by manifest.
323 silly tarball no local data for d3-shape@https://registry.npmjs.org/d3-shape/-/d3-shape-3.2.0.tgz. Extracting by manifest.
324 silly tarball no local data for d3-timer@https://registry.npmjs.org/d3-timer/-/d3-timer-3.0.1.tgz. Extracting by manifest.
325 silly tarball no local data for d3-scale@https://registry.npmjs.org/d3-scale/-/d3-scale-4.0.2.tgz. Extracting by manifest.
326 silly tarball no local data for d3-interpolate@https://registry.npmjs.org/d3-interpolate/-/d3-interpolate-3.0.1.tgz. Extracting by manifest.
327 silly tarball no local data for d3-array@https://registry.npmjs.org/d3-array/-/d3-array-3.2.4.tgz. Extracting by manifest.
328 silly tarball no local data for @types/d3-shape@https://registry.npmjs.org/@types/d3-shape/-/d3-shape-3.1.8.tgz. Extracting by manifest.
329 silly tarball no local data for d3-ease@https://registry.npmjs.org/d3-ease/-/d3-ease-3.0.1.tgz. Extracting by manifest.
330 silly tarball no local data for @types/d3-time@https://registry.npmjs.org/@types/d3-time/-/d3-time-3.0.4.tgz. Extracting by manifest.
331 silly tarball no local data for @types/d3-interpolate@https://registry.npmjs.org/@types/d3-interpolate/-/d3-interpolate-3.0.4.tgz. Extracting by manifest.
332 silly tarball no local data for @types/d3-scale@https://registry.npmjs.org/@types/d3-scale/-/d3-scale-4.0.9.tgz. Extracting by manifest.
333 silly tarball no local data for redux-thunk@https://registry.npmjs.org/redux-thunk/-/redux-thunk-3.1.0.tgz. Extracting by manifest.
334 silly tarball no local data for @types/d3-timer@https://registry.npmjs.org/@types/d3-timer/-/d3-timer-3.0.2.tgz. Extracting by manifest.
335 silly tarball no local data for @types/d3-ease@https://registry.npmjs.org/@types/d3-ease/-/d3-ease-3.0.2.tgz. Extracting by manifest.
336 silly tarball no local data for @types/d3-array@https://registry.npmjs.org/@types/d3-array/-/d3-array-3.2.2.tgz. Extracting by manifest.
337 silly tarball no local data for @types/use-sync-external-store@https://registry.npmjs.org/@types/use-sync-external-store/-/use-sync-external-store-0.0.6.tgz. Extracting by manifest.
338 silly tarball no local data for @standard-schema/utils@https://registry.npmjs.org/@standard-schema/utils/-/utils-0.3.0.tgz. Extracting by manifest.
339 silly tarball no local data for redux@https://registry.npmjs.org/redux/-/redux-5.0.1.tgz. Extracting by manifest.
340 silly tarball no local data for @standard-schema/spec@https://registry.npmjs.org/@standard-schema/spec/-/spec-1.1.0.tgz. Extracting by manifest.
341 silly tarball no local data for victory-vendor@https://registry.npmjs.org/victory-vendor/-/victory-vendor-37.3.6.tgz. Extracting by manifest.
342 silly tarball no local data for use-sync-external-store@https://registry.npmjs.org/use-sync-external-store/-/use-sync-external-store-1.6.0.tgz. Extracting by manifest.
343 silly tarball no local data for tiny-invariant@https://registry.npmjs.org/tiny-invariant/-/tiny-invariant-1.3.3.tgz. Extracting by manifest.
344 silly tarball no local data for reselect@https://registry.npmjs.org/reselect/-/reselect-5.2.0.tgz. Extracting by manifest.
345 silly tarball no local data for immer@https://registry.npmjs.org/immer/-/immer-10.2.0.tgz. Extracting by manifest.
346 silly tarball no local data for react-redux@https://registry.npmjs.org/react-redux/-/react-redux-9.3.0.tgz. Extracting by manifest.
347 silly tarball no local data for eventemitter3@https://registry.npmjs.org/eventemitter3/-/eventemitter3-5.0.4.tgz. Extracting by manifest.
348 silly tarball no local data for decimal.js-light@https://registry.npmjs.org/decimal.js-light/-/decimal.js-light-2.5.1.tgz. Extracting by manifest.
349 silly tarball no local data for es-toolkit@https://registry.npmjs.org/es-toolkit/-/es-toolkit-1.49.0.tgz. Extracting by manifest.
350 silly tarball no local data for @reduxjs/toolkit@https://registry.npmjs.org/@reduxjs/toolkit/-/toolkit-2.12.0.tgz. Extracting by manifest.
351 silly tarball no local data for goober@https://registry.npmjs.org/goober/-/goober-2.1.19.tgz. Extracting by manifest.
352 silly tarball no local data for recharts@https://registry.npmjs.org/recharts/-/recharts-3.9.0.tgz. Extracting by manifest.
353 silly tarball no local data for react-hot-toast@https://registry.npmjs.org/react-hot-toast/-/react-hot-toast-2.6.0.tgz. Extracting by manifest.
354 silly tarball no local data for react-is@https://registry.npmjs.org/react-is/-/react-is-19.2.7.tgz. Extracting by manifest.
355 silly tarball no local data for lucide-react@https://registry.npmjs.org/lucide-react/-/lucide-react-1.21.0.tgz. Extracting by manifest.
356 silly tarball no local data for immer@https://registry.npmjs.org/immer/-/immer-11.1.8.tgz. Extracting by manifest.
357 silly tarball no local data for clsx@https://registry.npmjs.org/clsx/-/clsx-2.1.1.tgz. Extracting by manifest.
358 http fetch GET 200 https://registry.npmjs.org/@types/d3-color/-/d3-color-3.1.3.tgz 303ms (cache miss)
359 http fetch GET 200 https://registry.npmjs.org/d3-timer/-/d3-timer-3.0.1.tgz 310ms (cache miss)
360 http fetch GET 200 https://registry.npmjs.org/internmap/-/internmap-2.0.3.tgz 313ms (cache miss)
361 http fetch GET 200 https://registry.npmjs.org/@types/d3-path/-/d3-path-3.1.1.tgz 316ms (cache miss)
362 http fetch GET 200 https://registry.npmjs.org/@types/d3-interpolate/-/d3-interpolate-3.0.4.tgz 310ms (cache miss)
363 http fetch GET 200 https://registry.npmjs.org/@standard-schema/spec/-/spec-1.1.0.tgz 304ms (cache miss)
364 http fetch GET 200 https://registry.npmjs.org/@types/d3-time/-/d3-time-3.0.4.tgz 316ms (cache miss)
365 http fetch GET 200 https://registry.npmjs.org/@types/d3-ease/-/d3-ease-3.0.2.tgz 312ms (cache miss)
366 http fetch GET 200 https://registry.npmjs.org/@types/d3-array/-/d3-array-3.2.2.tgz 312ms (cache miss)
367 http fetch GET 200 https://registry.npmjs.org/@types/use-sync-external-store/-/use-sync-external-store-0.0.6.tgz 311ms (cache miss)
368 http fetch GET 200 https://registry.npmjs.org/@types/d3-timer/-/d3-timer-3.0.2.tgz 315ms (cache miss)
369 http fetch GET 200 https://registry.npmjs.org/use-sync-external-store/-/use-sync-external-store-1.6.0.tgz 310ms (cache miss)
370 http fetch GET 200 https://registry.npmjs.org/@types/d3-scale/-/d3-scale-4.0.9.tgz 325ms (cache miss)
371 http fetch GET 200 https://registry.npmjs.org/d3-path/-/d3-path-3.1.0.tgz 386ms (cache miss)
372 http fetch GET 200 https://registry.npmjs.org/redux-thunk/-/redux-thunk-3.1.0.tgz 389ms (cache miss)
373 http fetch GET 200 https://registry.npmjs.org/@standard-schema/utils/-/utils-0.3.0.tgz 395ms (cache miss)
374 http fetch GET 200 https://registry.npmjs.org/d3-color/-/d3-color-3.1.0.tgz 432ms (cache miss)
375 http fetch GET 200 https://registry.npmjs.org/eventemitter3/-/eventemitter3-5.0.4.tgz 414ms (cache miss)
376 http fetch GET 200 https://registry.npmjs.org/tiny-invariant/-/tiny-invariant-1.3.3.tgz 438ms (cache miss)
377 http fetch GET 200 https://registry.npmjs.org/d3-ease/-/d3-ease-3.0.1.tgz 508ms (cache miss)
378 http fetch GET 200 https://registry.npmjs.org/d3-time/-/d3-time-3.1.0.tgz 519ms (cache miss)
379 http fetch GET 200 https://registry.npmjs.org/clsx/-/clsx-2.1.1.tgz 530ms (cache miss)
380 http fetch GET 200 https://registry.npmjs.org/d3-scale/-/d3-scale-4.0.2.tgz 634ms (cache miss)
381 http fetch GET 200 https://registry.npmjs.org/d3-interpolate/-/d3-interpolate-3.0.1.tgz 640ms (cache miss)
382 http fetch GET 200 https://registry.npmjs.org/redux/-/redux-5.0.1.tgz 640ms (cache miss)
383 http fetch GET 200 https://registry.npmjs.org/d3-time-format/-/d3-time-format-4.1.0.tgz 693ms (cache miss)
384 http fetch GET 200 https://registry.npmjs.org/reselect/-/reselect-5.2.0.tgz 673ms (cache miss)
385 http fetch GET 200 https://registry.npmjs.org/d3-format/-/d3-format-3.1.2.tgz 772ms (cache miss)
386 http fetch GET 200 https://registry.npmjs.org/d3-shape/-/d3-shape-3.2.0.tgz 776ms (cache miss)
387 http fetch POST 200 https://registry.npmjs.org/-/npm/v1/security/advisories/bulk 897ms
388 silly audit report {}
389 http fetch GET 200 https://registry.npmjs.org/react-is/-/react-is-19.2.7.tgz 874ms (cache miss)
390 http fetch GET 200 https://registry.npmjs.org/immer/-/immer-10.2.0.tgz 920ms (cache miss)
391 http fetch GET 200 https://registry.npmjs.org/immer/-/immer-11.1.8.tgz 1151ms (cache miss)
392 http fetch GET 200 https://registry.npmjs.org/victory-vendor/-/victory-vendor-37.3.6.tgz 1461ms (cache miss)
393 http fetch GET 200 https://registry.npmjs.org/decimal.js-light/-/decimal.js-light-2.5.1.tgz 1937ms (cache miss)
394 http fetch GET 200 https://registry.npmjs.org/react-hot-toast/-/react-hot-toast-2.6.0.tgz 1946ms (cache miss)
395 http fetch GET 200 https://registry.npmjs.org/@reduxjs/toolkit/-/toolkit-2.12.0.tgz 1952ms (cache miss)
396 http fetch GET 200 https://registry.npmjs.org/recharts/-/recharts-3.9.0.tgz 2771ms (cache miss)
397 http fetch GET 200 https://registry.npmjs.org/react-redux/-/react-redux-9.3.0.tgz 3422ms (cache miss)
398 http fetch GET 200 https://registry.npmjs.org/goober/-/goober-2.1.19.tgz 3497ms (cache miss)
399 http fetch GET 200 https://registry.npmjs.org/d3-array/-/d3-array-3.2.4.tgz 3585ms (cache miss)
400 http fetch GET 200 https://registry.npmjs.org/@types/d3-shape/-/d3-shape-3.1.8.tgz 3615ms (cache miss)
401 http fetch GET 200 https://registry.npmjs.org/es-toolkit/-/es-toolkit-1.49.0.tgz 7051ms (cache miss)
402 http fetch GET 200 https://registry.npmjs.org/lucide-react/-/lucide-react-1.21.0.tgz 8142ms (cache miss)
403 silly ADD node_modules/d3-path
404 silly ADD node_modules/d3-time-format
405 silly ADD node_modules/d3-format
406 silly ADD node_modules/d3-color
407 silly ADD node_modules/internmap
408 silly ADD node_modules/@types/d3-path
409 silly ADD node_modules/@types/d3-color
410 silly ADD node_modules/d3-timer
411 silly ADD node_modules/d3-time
412 silly ADD node_modules/d3-shape
413 silly ADD node_modules/d3-scale
414 silly ADD node_modules/d3-interpolate
415 silly ADD node_modules/d3-ease
416 silly ADD node_modules/d3-array
417 silly ADD node_modules/@types/d3-timer
418 silly ADD node_modules/@types/d3-time
419 silly ADD node_modules/@types/d3-shape
420 silly ADD node_modules/@types/d3-scale
421 silly ADD node_modules/@types/d3-interpolate
422 silly ADD node_modules/@types/d3-ease
423 silly ADD node_modules/@types/d3-array
424 silly ADD node_modules/@types/use-sync-external-store
425 silly ADD node_modules/redux-thunk
426 silly ADD node_modules/redux
427 silly ADD node_modules/@standard-schema/utils
428 silly ADD node_modules/@standard-schema/spec
429 silly ADD node_modules/victory-vendor
430 silly ADD node_modules/use-sync-external-store
431 silly ADD node_modules/tiny-invariant
432 silly ADD node_modules/reselect
433 silly ADD node_modules/react-redux
434 silly ADD node_modules/immer
435 silly ADD node_modules/eventemitter3
436 silly ADD node_modules/es-toolkit
437 silly ADD node_modules/decimal.js-light
438 silly ADD node_modules/clsx
439 silly ADD node_modules/@reduxjs/toolkit
440 silly ADD node_modules/@reduxjs/toolkit/node_modules/immer
441 silly ADD node_modules/goober
442 silly ADD node_modules/react-is
443 silly ADD node_modules/recharts
444 silly ADD node_modules/react-hot-toast
445 silly ADD node_modules/lucide-react
446 verbose cwd D:\Temp\NeighbourHub\Frontend\project1
447 verbose os Windows_NT 10.0.26200
448 verbose node v24.14.0
449 verbose npm  v11.9.0
450 notice
450 notice New minor version of npm available! 11.9.0 -> 11.17.0
450 notice Changelog: https://github.com/npm/cli/releases/tag/v11.17.0
450 notice To update run: npm install -g npm@11.17.0
450 notice  { force: true, Symbol(proc-log.meta): true }
451 verbose exit 0
452 info ok
